TN:
SF:/home/gabino/trabajos/IoTPlatform/platziverse-db/index.js
FN:10,(anonymous_0)
FNF:1
FNH:1
FNDA:9,(anonymous_0)
DA:3,9
DA:4,9
DA:5,9
DA:6,9
DA:7,9
DA:8,9
DA:10,9
DA:11,9
DA:22,9
DA:23,9
DA:24,9
DA:26,9
DA:27,9
DA:29,9
DA:31,9
DA:32,0
DA:35,9
DA:36,9
DA:38,9
LF:19
LH:18
BRDA:31,0,0,0
BRDA:31,0,1,9
BRF:2
BRH:1
end_of_record
TN:
SF:/home/gabino/trabajos/IoTPlatform/platziverse-db/lib/agent.js
FN:3,setupAgent
FN:4,findById
FN:8,createOrUpdate
FN:23,findByUuid
FN:31,findAll
FN:35,findConnected
FN:43,findByUsername
FNF:7
FNH:7
FNDA:9,setupAgent
FNDA:1,findById
FNDA:2,createOrUpdate
FNDA:1,findByUuid
FNDA:1,findAll
FNDA:1,findConnected
FNDA:1,findByUsername
DA:3,1
DA:5,1
DA:9,2
DA:14,2
DA:15,2
DA:16,1
DA:17,1
DA:19,1
DA:20,1
DA:24,1
DA:32,1
DA:36,1
DA:44,1
DA:52,9
LF:14
LH:14
BRDA:15,0,0,1
BRDA:15,0,1,1
BRDA:17,1,0,1
BRDA:17,1,1,0
BRF:4
BRH:3
end_of_record
TN:
SF:/home/gabino/trabajos/IoTPlatform/platziverse-db/lib/db.js
FN:6,setupDatabase
FNF:1
FNH:1
FNDA:9,setupDatabase
DA:3,1
DA:5,1
DA:6,1
DA:7,9
DA:8,1
DA:10,9
LF:6
LH:6
BRDA:7,0,0,1
BRDA:7,0,1,8
BRF:2
BRH:2
end_of_record
TN:
SF:/home/gabino/trabajos/IoTPlatform/platziverse-db/lib/metric.js
FN:3,setupMetric
FN:4,findByTypeAgentUuid
FN:21,findByAgentUuid
FN:35,create
FNF:4
FNH:1
FNDA:9,setupMetric
FNDA:0,findByTypeAgentUuid
FNDA:0,findByAgentUuid
FNDA:0,create
DA:3,1
DA:5,0
DA:22,0
DA:36,0
DA:39,0
DA:40,0
DA:41,0
DA:42,0
DA:45,9
LF:9
LH:2
BRDA:39,0,0,0
BRDA:39,0,1,0
BRF:2
BRH:0
end_of_record
TN:
SF:/home/gabino/trabajos/IoTPlatform/platziverse-db/models/agent.js
FN:6,setupAgentModel
FNF:1
FNH:0
FNDA:0,setupAgentModel
DA:3,1
DA:4,1
DA:6,1
DA:7,0
DA:8,0
LF:5
LH:3
BRF:0
BRH:0
end_of_record
TN:
SF:/home/gabino/trabajos/IoTPlatform/platziverse-db/models/metric.js
FN:6,setupMetricModel
FNF:1
FNH:0
FNDA:0,setupMetricModel
DA:3,1
DA:4,1
DA:6,1
DA:7,0
DA:8,0
LF:5
LH:3
BRF:0
BRH:0
end_of_record
TN:
SF:/home/gabino/trabajos/IoTPlatform/platziverse-db/tests/agent-test.js
FN:9,(anonymous_4)
FN:42,(anonymous_5)
FN:73,(anonymous_6)
FN:74,(anonymous_7)
FN:80,(anonymous_8)
FN:84,(anonymous_9)
FN:88,(anonymous_10)
FN:95,(anonymous_11)
FN:105,(anonymous_12)
FN:114,(anonymous_13)
FN:124,(anonymous_14)
FN:134,(anonymous_15)
FN:155,(anonymous_16)
FN:168,(anonymous_17)
FNF:14
FNH:14
FNDA:9,(anonymous_4)
FNDA:9,(anonymous_5)
FNDA:9,(anonymous_6)
FNDA:9,(anonymous_7)
FNDA:9,(anonymous_8)
FNDA:1,(anonymous_9)
FNDA:1,(anonymous_10)
FNDA:1,(anonymous_11)
FNDA:1,(anonymous_12)
FNDA:1,(anonymous_13)
FNDA:1,(anonymous_14)
FNDA:1,(anonymous_15)
FNDA:1,(anonymous_16)
FNDA:1,(anonymous_17)
DA:3,1
DA:4,1
DA:5,1
DA:6,1
DA:8,1
DA:12,1
DA:16,1
DA:17,1
DA:18,1
DA:19,1
DA:20,1
DA:21,1
DA:22,1
DA:25,1
DA:28,1
DA:33,1
DA:42,1
DA:43,9
DA:44,9
DA:49,9
DA:50,9
DA:53,9
DA:54,9
DA:55,1
DA:59,9
DA:60,9
DA:63,9
DA:64,9
DA:67,9
DA:68,9
DA:69,9
DA:70,9
DA:72,9
DA:73,9
DA:74,9
DA:77,9
DA:80,1
DA:81,9
DA:84,1
DA:85,1
DA:88,4
DA:89,1
DA:90,1
DA:91,1
DA:92,1
DA:95,3
DA:96,1
DA:98,1
DA:99,1
DA:100,1
DA:102,1
DA:105,3
DA:106,1
DA:107,1
DA:108,1
DA:109,1
DA:111,1
DA:114,3
DA:115,1
DA:116,1
DA:117,1
DA:118,1
DA:120,1
DA:121,1
DA:124,3
DA:125,1
DA:126,1
DA:127,1
DA:128,1
DA:130,1
DA:131,1
DA:134,3
DA:135,1
DA:136,1
DA:137,1
DA:138,1
DA:140,1
DA:141,1
DA:155,6
DA:156,1
DA:158,1
DA:159,1
DA:160,1
DA:161,1
DA:162,1
DA:163,1
DA:165,1
DA:168,6
DA:169,1
DA:170,1
DA:171,1
DA:172,1
DA:175,1
DA:176,1
DA:177,1
DA:179,1
LF:96
LH:96
BRDA:81,0,0,9
BRDA:81,0,1,9
BRF:2
BRH:2
end_of_record
TN:
SF:/home/gabino/trabajos/IoTPlatform/platziverse-db/tests/fixtures/agent.js
FN:22,extend
FN:30,(anonymous_1)
FN:31,(anonymous_2)
FN:32,(anonymous_3)
FN:32,(anonymous_4)
FN:33,(anonymous_5)
FN:33,(anonymous_6)
FNF:7
FNH:7
FNDA:3,extend
FNDA:4,(anonymous_1)
FNDA:4,(anonymous_2)
FNDA:10,(anonymous_3)
FNDA:40,(anonymous_4)
FNDA:10,(anonymous_5)
FNDA:40,(anonymous_6)
DA:2,1
DA:14,1
DA:23,3
DA:24,3
DA:27,1
DA:30,4
DA:31,4
DA:32,40
DA:33,40
LF:9
LH:9
BRF:0
BRH:0
end_of_record
